<?xml version="1.0" encoding="UTF-8"?>
<robot generator="Robot 6.0.1 (Python 3.11.1 on win32)" generated="20240821 23:26:45.694" rpa="false" schemaversion="3">
<suite id="s1" name="Search Song" source="D:\MyPractice\Quize_TTS\tests\search_song.robot">
<test id="s1-t1" name="Open Youtube For Search Song" line="7">
<kw name="Open Youtube" library="keywords">
<kw name="Open Browser" library="SeleniumLibrary">
<arg>${YOUTUBE}</arg>
<arg>${BROWSER}</arg>
<doc>Opens a new browser instance to the optional ``url``.</doc>
<msg timestamp="20240821 23:26:46.286" level="INFO">Opening browser 'edge' to base url 'https://www.youtube.com/'.</msg>
<msg timestamp="20240821 23:26:46.307" level="INFO">Executing: C:\Users\HP\AppData\Local\Programs\Python\Python311\Lib\site-packages\selenium\webdriver\common\windows\selenium-manager.exe --browser edge --output json</msg>
<status status="PASS" starttime="20240821 23:26:46.286" endtime="20240821 23:26:50.260"/>
</kw>
<kw name="Maximize Browser Window" library="SeleniumLibrary">
<doc>Maximizes current browser window.</doc>
<status status="PASS" starttime="20240821 23:26:50.260" endtime="20240821 23:26:50.444"/>
</kw>
<status status="PASS" starttime="20240821 23:26:46.285" endtime="20240821 23:26:50.444"/>
</kw>
<kw name="Search And Play All Songs" library="keywords">
<kw name="Load Search Keywords" library="keywords">
<var>${keywords}</var>
<kw name="Load Json From File" library="JSONLibrary">
<var>${data}</var>
<arg>${JSON_FILE}</arg>
<doc>Load JSON from file.</doc>
<msg timestamp="20240821 23:26:50.448" level="INFO">${data} = {'keywords': ['Baby Shark', 'Last Christmas']}</msg>
<status status="PASS" starttime="20240821 23:26:50.447" endtime="20240821 23:26:50.448"/>
</kw>
<msg timestamp="20240821 23:26:50.449" level="INFO">${keywords} = ['Baby Shark', 'Last Christmas']</msg>
<status status="PASS" starttime="20240821 23:26:50.447" endtime="20240821 23:26:50.449"/>
</kw>
<for flavor="IN">
<var>${keyword}</var>
<value>@{keywords}</value>
<iter>
<var name="${keyword}">Baby Shark</var>
<kw name="Search A Song" library="keywords">
<arg>${keyword}</arg>
<kw name="Input Text" library="SeleniumLibrary">
<arg>xpath://input[@id='search']</arg>
<arg>${keywords}</arg>
<doc>Types the given ``text`` into the text field identified by ``locator``.</doc>
<msg timestamp="20240821 23:26:50.451" level="INFO">Typing text 'Baby Shark' into text field 'xpath://input[@id='search']'.</msg>
<status status="PASS" starttime="20240821 23:26:50.450" endtime="20240821 23:26:51.204"/>
</kw>
<kw name="Click Element" library="SeleniumLibrary">
<arg>xpath://button[@id='search-icon-legacy']</arg>
<doc>Click the element identified by ``locator``.</doc>
<msg timestamp="20240821 23:26:51.205" level="INFO">Clicking element 'xpath://button[@id='search-icon-legacy']'.</msg>
<status status="PASS" starttime="20240821 23:26:51.204" endtime="20240821 23:26:51.449"/>
</kw>
<kw name="Wait Until Element Is Visible" library="SeleniumLibrary">
<arg>xpath://a[@id="video-title"]</arg>
<doc>Waits until the element ``locator`` is visible.</doc>
<status status="PASS" starttime="20240821 23:26:51.449" endtime="20240821 23:26:53.338"/>
</kw>
<status status="PASS" starttime="20240821 23:26:50.449" endtime="20240821 23:26:53.338"/>
</kw>
<kw name="Play A Song" library="keywords">
<kw name="Get Text" library="SeleniumLibrary">
<var>${search_title}</var>
<arg>xpath://a[@id="video-title"]</arg>
<doc>Returns the text value of the element identified by ``locator``.</doc>
<msg timestamp="20240821 23:26:54.090" level="INFO">${search_title} = LIVE 🔴 Bebefinn 2024 Top Songs for Kids | Good Morning Song, Baby Shark, Boo Boo +more</msg>
<status status="PASS" starttime="20240821 23:26:53.339" endtime="20240821 23:26:54.090"/>
</kw>
<kw name="Click Element" library="SeleniumLibrary">
<arg>xpath://a[@id="video-title"]</arg>
<doc>Click the element identified by ``locator``.</doc>
<msg timestamp="20240821 23:26:54.090" level="INFO">Clicking element 'xpath://a[@id="video-title"]'.</msg>
<status status="PASS" starttime="20240821 23:26:54.090" endtime="20240821 23:26:54.627"/>
</kw>
<kw name="Wait Until Element Is Visible" library="SeleniumLibrary">
<arg>xpath://*[@id="title"]/h1</arg>
<doc>Waits until the element ``locator`` is visible.</doc>
<status status="PASS" starttime="20240821 23:26:54.627" endtime="20240821 23:26:55.755"/>
</kw>
<kw name="Get Text" library="SeleniumLibrary">
<var>${video_title}</var>
<arg>xpath://*[@id="title"]/h1</arg>
<doc>Returns the text value of the element identified by ``locator``.</doc>
<msg timestamp="20240821 23:26:55.898" level="INFO">${video_title} = LIVE 🔴 Bebefinn 2024 Top Songs for Kids | Good Morning Song, Baby Shark, Boo Boo +more</msg>
<status status="PASS" starttime="20240821 23:26:55.755" endtime="20240821 23:26:55.898"/>
</kw>
<kw name="Should Be Equal" library="BuiltIn">
<arg>${search_title}</arg>
<arg>${video_title}</arg>
<doc>Fails if the given objects are unequal.</doc>
<status status="PASS" starttime="20240821 23:26:55.898" endtime="20240821 23:26:55.899"/>
</kw>
<kw name="Sleep" library="BuiltIn">
<arg>20s</arg>
<doc>Pauses the test executed for the given time.</doc>
<msg timestamp="20240821 23:27:15.899" level="INFO">Slept 20 seconds</msg>
<status status="PASS" starttime="20240821 23:26:55.899" endtime="20240821 23:27:15.899"/>
</kw>
<status status="PASS" starttime="20240821 23:26:53.339" endtime="20240821 23:27:15.899"/>
</kw>
<status status="PASS" starttime="20240821 23:26:50.449" endtime="20240821 23:27:15.899"/>
</iter>
<iter>
<var name="${keyword}">Last Christmas</var>
<kw name="Search A Song" library="keywords">
<arg>${keyword}</arg>
<kw name="Input Text" library="SeleniumLibrary">
<arg>xpath://input[@id='search']</arg>
<arg>${keywords}</arg>
<doc>Types the given ``text`` into the text field identified by ``locator``.</doc>
<msg timestamp="20240821 23:27:15.902" level="INFO">Typing text 'Last Christmas' into text field 'xpath://input[@id='search']'.</msg>
<status status="PASS" starttime="20240821 23:27:15.900" endtime="20240821 23:27:16.234"/>
</kw>
<kw name="Click Element" library="SeleniumLibrary">
<arg>xpath://button[@id='search-icon-legacy']</arg>
<doc>Click the element identified by ``locator``.</doc>
<msg timestamp="20240821 23:27:16.236" level="INFO">Clicking element 'xpath://button[@id='search-icon-legacy']'.</msg>
<status status="PASS" starttime="20240821 23:27:16.235" endtime="20240821 23:27:16.392"/>
</kw>
<kw name="Wait Until Element Is Visible" library="SeleniumLibrary">
<arg>xpath://a[@id="video-title"]</arg>
<doc>Waits until the element ``locator`` is visible.</doc>
<status status="PASS" starttime="20240821 23:27:16.392" endtime="20240821 23:27:17.627"/>
</kw>
<status status="PASS" starttime="20240821 23:27:15.900" endtime="20240821 23:27:17.627"/>
</kw>
<kw name="Play A Song" library="keywords">
<kw name="Get Text" library="SeleniumLibrary">
<var>${search_title}</var>
<arg>xpath://a[@id="video-title"]</arg>
<doc>Returns the text value of the element identified by ``locator``.</doc>
<msg timestamp="20240821 23:27:17.665" level="INFO">${search_title} = Wham! - Last Christmas (Official Video)</msg>
<status status="PASS" starttime="20240821 23:27:17.627" endtime="20240821 23:27:17.665"/>
</kw>
<kw name="Click Element" library="SeleniumLibrary">
<arg>xpath://a[@id="video-title"]</arg>
<doc>Click the element identified by ``locator``.</doc>
<msg timestamp="20240821 23:27:17.666" level="INFO">Clicking element 'xpath://a[@id="video-title"]'.</msg>
<status status="PASS" starttime="20240821 23:27:17.665" endtime="20240821 23:27:17.782"/>
</kw>
<kw name="Wait Until Element Is Visible" library="SeleniumLibrary">
<arg>xpath://*[@id="title"]/h1</arg>
<doc>Waits until the element ``locator`` is visible.</doc>
<status status="PASS" starttime="20240821 23:27:17.782" endtime="20240821 23:27:19.064"/>
</kw>
<kw name="Get Text" library="SeleniumLibrary">
<var>${video_title}</var>
<arg>xpath://*[@id="title"]/h1</arg>
<doc>Returns the text value of the element identified by ``locator``.</doc>
<msg timestamp="20240821 23:27:19.117" level="INFO">${video_title} = Wham! - Last Christmas (Official Video)</msg>
<status status="PASS" starttime="20240821 23:27:19.064" endtime="20240821 23:27:19.117"/>
</kw>
<kw name="Should Be Equal" library="BuiltIn">
<arg>${search_title}</arg>
<arg>${video_title}</arg>
<doc>Fails if the given objects are unequal.</doc>
<status status="PASS" starttime="20240821 23:27:19.117" endtime="20240821 23:27:19.117"/>
</kw>
<kw name="Sleep" library="BuiltIn">
<arg>20s</arg>
<doc>Pauses the test executed for the given time.</doc>
<msg timestamp="20240821 23:27:39.119" level="INFO">Slept 20 seconds</msg>
<status status="PASS" starttime="20240821 23:27:19.117" endtime="20240821 23:27:39.119"/>
</kw>
<status status="PASS" starttime="20240821 23:27:17.627" endtime="20240821 23:27:39.119"/>
</kw>
<status status="PASS" starttime="20240821 23:27:15.900" endtime="20240821 23:27:39.119"/>
</iter>
<status status="PASS" starttime="20240821 23:26:50.449" endtime="20240821 23:27:39.119"/>
</for>
<status status="PASS" starttime="20240821 23:26:50.446" endtime="20240821 23:27:39.120"/>
</kw>
<kw name="Close Browser" library="SeleniumLibrary">
<doc>Closes the current browser.</doc>
<status status="PASS" starttime="20240821 23:27:39.121" endtime="20240821 23:27:41.461"/>
</kw>
<status status="PASS" starttime="20240821 23:26:46.284" endtime="20240821 23:27:41.462"/>
</test>
<doc>ตัวอย่างการเข้าหน้าเว็บ Youtube เพื่อค้นหาเพลง Baby Shark</doc>
<status status="PASS" starttime="20240821 23:26:45.696" endtime="20240821 23:27:41.465"/>
</suite>
<statistics>
<total>
<stat pass="1" fail="0" skip="0">All Tests</stat>
</total>
<tag>
</tag>
<suite>
<stat pass="1" fail="0" skip="0" id="s1" name="Search Song">Search Song</stat>
</suite>
</statistics>
<errors>
</errors>
</robot>
